0 info it worked if it ends with ok
1 verbose cli [ 'C:\\Users\\Dante Ricalde\\AppData\\Local\\.meteor\\packages\\meteor-tool\\1.4.2_3\\mt-os.windows.x86_32\\dev_bundle\\bin\\node.exe',
1 verbose cli   'C:\\Users\\Dante Ricalde\\AppData\\Local\\.meteor\\packages\\meteor-tool\\1.4.2_3\\mt-os.windows.x86_32\\dev_bundle\\lib\\node_modules\\npm\\bin\\npm-cli.js',
1 verbose cli   'install',
1 verbose cli   '-save',
1 verbose cli   'bcrypt' ]
2 info using npm@3.10.9
3 info using node@v4.6.2
4 silly loadCurrentTree Starting
5 silly install loadCurrentTree
6 silly install readLocalPackageData
7 silly fetchPackageMetaData bcrypt@^0.8.7
8 silly fetchNamedPackageData bcrypt
9 silly mapToRegistry name bcrypt
10 silly mapToRegistry using default registry
11 silly mapToRegistry registry https://registry.npmjs.org/
12 silly mapToRegistry data Result {
12 silly mapToRegistry   raw: 'bcrypt',
12 silly mapToRegistry   scope: null,
12 silly mapToRegistry   escapedName: 'bcrypt',
12 silly mapToRegistry   name: 'bcrypt',
12 silly mapToRegistry   rawSpec: '',
12 silly mapToRegistry   spec: 'latest',
12 silly mapToRegistry   type: 'tag' }
13 silly mapToRegistry uri https://registry.npmjs.org/bcrypt
14 verbose request uri https://registry.npmjs.org/bcrypt
15 verbose request no auth needed
16 info attempt registry request try #1 at 11:04:25 AM
17 verbose request id fa6806ff97fa21f7
18 verbose etag W/"58deffac-16e83"
19 verbose lastModified Sat, 01 Apr 2017 01:17:32 GMT
20 http request GET https://registry.npmjs.org/bcrypt
21 http 304 https://registry.npmjs.org/bcrypt
22 verbose headers { date: 'Sat, 01 Apr 2017 09:04:21 GMT',
22 verbose headers   via: '1.1 varnish',
22 verbose headers   'cache-control': 'max-age=300',
22 verbose headers   etag: 'W/"58deffac-16e83"',
22 verbose headers   age: '180',
22 verbose headers   connection: 'keep-alive',
22 verbose headers   'x-served-by': 'cache-mad9422-MAD',
22 verbose headers   'x-cache': 'HIT',
22 verbose headers   'x-cache-hits': '1',
22 verbose headers   'x-timer': 'S1491037461.039537,VS0,VE0',
22 verbose headers   vary: 'Accept-Encoding' }
23 silly get cb [ 304,
23 silly get   { date: 'Sat, 01 Apr 2017 09:04:21 GMT',
23 silly get     via: '1.1 varnish',
23 silly get     'cache-control': 'max-age=300',
23 silly get     etag: 'W/"58deffac-16e83"',
23 silly get     age: '180',
23 silly get     connection: 'keep-alive',
23 silly get     'x-served-by': 'cache-mad9422-MAD',
23 silly get     'x-cache': 'HIT',
23 silly get     'x-cache-hits': '1',
23 silly get     'x-timer': 'S1491037461.039537,VS0,VE0',
23 silly get     vary: 'Accept-Encoding' } ]
24 verbose etag https://registry.npmjs.org/bcrypt from cache
25 verbose get saving bcrypt to C:\Users\Dante Ricalde\AppData\Local\.meteor\packages\meteor-tool\1.4.2_3\mt-os.windows.x86_32\dev_bundle\.npm\registry.npmjs.org\bcrypt\.cache.json
26 verbose correctMkdir C:\Users\Dante Ricalde\AppData\Local\.meteor\packages\meteor-tool\1.4.2_3\mt-os.windows.x86_32\dev_bundle\.npm correctMkdir not in flight; initializing
27 silly install normalizeTree
28 silly loadCurrentTree Finishing
29 silly loadIdealTree Starting
30 silly install loadIdealTree
31 silly cloneCurrentTree Starting
32 silly install cloneCurrentTreeToIdealTree
33 silly cloneCurrentTree Finishing
34 silly loadShrinkwrap Starting
35 silly install loadShrinkwrap
36 silly loadShrinkwrap Finishing
37 silly loadAllDepsIntoIdealTree Starting
38 silly install loadAllDepsIntoIdealTree
39 silly resolveWithNewModule bcrypt@0.8.7 checking installable status
40 silly cache add args [ 'bcrypt@^0.8.7', null ]
41 verbose cache add spec bcrypt@^0.8.7
42 silly cache add parsed spec Result {
42 silly cache add   raw: 'bcrypt@^0.8.7',
42 silly cache add   scope: null,
42 silly cache add   escapedName: 'bcrypt',
42 silly cache add   name: 'bcrypt',
42 silly cache add   rawSpec: '^0.8.7',
42 silly cache add   spec: '>=0.8.7 <0.9.0',
42 silly cache add   type: 'range' }
43 silly addNamed bcrypt@>=0.8.7 <0.9.0
44 verbose addNamed ">=0.8.7 <0.9.0" is a valid semver range for bcrypt
45 silly addNameRange { name: 'bcrypt', range: '>=0.8.7 <0.9.0', hasData: false }
46 silly mapToRegistry name bcrypt
47 silly mapToRegistry using default registry
48 silly mapToRegistry registry https://registry.npmjs.org/
49 silly mapToRegistry data Result {
49 silly mapToRegistry   raw: 'bcrypt',
49 silly mapToRegistry   scope: null,
49 silly mapToRegistry   escapedName: 'bcrypt',
49 silly mapToRegistry   name: 'bcrypt',
49 silly mapToRegistry   rawSpec: '',
49 silly mapToRegistry   spec: 'latest',
49 silly mapToRegistry   type: 'tag' }
50 silly mapToRegistry uri https://registry.npmjs.org/bcrypt
51 verbose addNameRange registry:https://registry.npmjs.org/bcrypt not in flight; fetching
52 verbose get https://registry.npmjs.org/bcrypt not expired, no request
53 silly addNameRange number 2 { name: 'bcrypt', range: '>=0.8.7 <0.9.0', hasData: true }
54 silly addNameRange versions [ 'bcrypt',
54 silly addNameRange   [ '0.1.2',
54 silly addNameRange     '0.2.0',
54 silly addNameRange     '0.2.1',
54 silly addNameRange     '0.1.3',
54 silly addNameRange     '0.2.2',
54 silly addNameRange     '0.2.3',
54 silly addNameRange     '0.2.4',
54 silly addNameRange     '0.3.0',
54 silly addNameRange     '0.3.1',
54 silly addNameRange     '0.3.2',
54 silly addNameRange     '0.4.0',
54 silly addNameRange     '0.4.1',
54 silly addNameRange     '0.5.0',
54 silly addNameRange     '0.6.0',
54 silly addNameRange     '0.7.0',
54 silly addNameRange     '0.7.1',
54 silly addNameRange     '0.7.2',
54 silly addNameRange     '0.7.3',
54 silly addNameRange     '0.7.4',
54 silly addNameRange     '0.7.5',
54 silly addNameRange     '0.7.6',
54 silly addNameRange     '0.7.7',
54 silly addNameRange     '0.7.8',
54 silly addNameRange     '0.8.0',
54 silly addNameRange     '0.8.1',
54 silly addNameRange     '0.8.2',
54 silly addNameRange     '0.8.3',
54 silly addNameRange     '0.8.4',
54 silly addNameRange     '0.8.5',
54 silly addNameRange     '0.8.6',
54 silly addNameRange     '0.8.7',
54 silly addNameRange     '1.0.0',
54 silly addNameRange     '1.0.1',
54 silly addNameRange     '1.0.2' ] ]
55 silly addNamed bcrypt@0.8.7
56 verbose addNamed "0.8.7" is a plain semver version for bcrypt
57 silly cache afterAdd bcrypt@0.8.7
58 verbose afterAdd C:\Users\Dante Ricalde\AppData\Local\.meteor\packages\meteor-tool\1.4.2_3\mt-os.windows.x86_32\dev_bundle\.npm\bcrypt\0.8.7\package\package.json not in flight; writing
59 verbose correctMkdir C:\Users\Dante Ricalde\AppData\Local\.meteor\packages\meteor-tool\1.4.2_3\mt-os.windows.x86_32\dev_bundle\.npm correctMkdir not in flight; initializing
60 verbose afterAdd C:\Users\Dante Ricalde\AppData\Local\.meteor\packages\meteor-tool\1.4.2_3\mt-os.windows.x86_32\dev_bundle\.npm\bcrypt\0.8.7\package\package.json written
61 silly fetchNamedPackageData bindings
62 silly mapToRegistry name bindings
63 silly mapToRegistry using default registry
64 silly mapToRegistry registry https://registry.npmjs.org/
65 silly mapToRegistry data Result {
65 silly mapToRegistry   raw: 'bindings',
65 silly mapToRegistry   scope: null,
65 silly mapToRegistry   escapedName: 'bindings',
65 silly mapToRegistry   name: 'bindings',
65 silly mapToRegistry   rawSpec: '',
65 silly mapToRegistry   spec: 'latest',
65 silly mapToRegistry   type: 'tag' }
66 silly mapToRegistry uri https://registry.npmjs.org/bindings
67 silly fetchNamedPackageData nan
68 silly mapToRegistry name nan
69 silly mapToRegistry using default registry
70 silly mapToRegistry registry https://registry.npmjs.org/
71 silly mapToRegistry data Result {
71 silly mapToRegistry   raw: 'nan',
71 silly mapToRegistry   scope: null,
71 silly mapToRegistry   escapedName: 'nan',
71 silly mapToRegistry   name: 'nan',
71 silly mapToRegistry   rawSpec: '',
71 silly mapToRegistry   spec: 'latest',
71 silly mapToRegistry   type: 'tag' }
72 silly mapToRegistry uri https://registry.npmjs.org/nan
73 verbose request uri https://registry.npmjs.org/bindings
74 verbose request no auth needed
75 info attempt registry request try #1 at 11:04:26 AM
76 verbose etag W/"580645d3-46f7"
77 verbose lastModified Tue, 18 Oct 2016 15:54:59 GMT
78 http request GET https://registry.npmjs.org/bindings
79 verbose request uri https://registry.npmjs.org/nan
80 verbose request no auth needed
81 info attempt registry request try #1 at 11:04:26 AM
82 verbose etag W/"58dea142-1df90"
83 verbose lastModified Fri, 31 Mar 2017 18:34:42 GMT
84 http request GET https://registry.npmjs.org/nan
85 http 304 https://registry.npmjs.org/bindings
86 verbose headers { date: 'Sat, 01 Apr 2017 09:04:21 GMT',
86 verbose headers   via: '1.1 varnish',
86 verbose headers   'cache-control': 'max-age=300',
86 verbose headers   etag: 'W/"580645d3-46f7"',
86 verbose headers   age: '173',
86 verbose headers   connection: 'keep-alive',
86 verbose headers   'x-served-by': 'cache-mad9422-MAD',
86 verbose headers   'x-cache': 'HIT',
86 verbose headers   'x-cache-hits': '1',
86 verbose headers   'x-timer': 'S1491037461.211342,VS0,VE0',
86 verbose headers   vary: 'Accept-Encoding' }
87 silly get cb [ 304,
87 silly get   { date: 'Sat, 01 Apr 2017 09:04:21 GMT',
87 silly get     via: '1.1 varnish',
87 silly get     'cache-control': 'max-age=300',
87 silly get     etag: 'W/"580645d3-46f7"',
87 silly get     age: '173',
87 silly get     connection: 'keep-alive',
87 silly get     'x-served-by': 'cache-mad9422-MAD',
87 silly get     'x-cache': 'HIT',
87 silly get     'x-cache-hits': '1',
87 silly get     'x-timer': 'S1491037461.211342,VS0,VE0',
87 silly get     vary: 'Accept-Encoding' } ]
88 verbose etag https://registry.npmjs.org/bindings from cache
89 verbose get saving bindings to C:\Users\Dante Ricalde\AppData\Local\.meteor\packages\meteor-tool\1.4.2_3\mt-os.windows.x86_32\dev_bundle\.npm\registry.npmjs.org\bindings\.cache.json
90 verbose correctMkdir C:\Users\Dante Ricalde\AppData\Local\.meteor\packages\meteor-tool\1.4.2_3\mt-os.windows.x86_32\dev_bundle\.npm correctMkdir not in flight; initializing
91 silly resolveWithNewModule bindings@1.2.1 checking installable status
92 silly cache add args [ 'bindings@1.2.1', null ]
93 verbose cache add spec bindings@1.2.1
94 silly cache add parsed spec Result {
94 silly cache add   raw: 'bindings@1.2.1',
94 silly cache add   scope: null,
94 silly cache add   escapedName: 'bindings',
94 silly cache add   name: 'bindings',
94 silly cache add   rawSpec: '1.2.1',
94 silly cache add   spec: '1.2.1',
94 silly cache add   type: 'version' }
95 silly addNamed bindings@1.2.1
96 verbose addNamed "1.2.1" is a plain semver version for bindings
97 silly mapToRegistry name bindings
98 silly mapToRegistry using default registry
99 silly mapToRegistry registry https://registry.npmjs.org/
100 silly mapToRegistry data Result {
100 silly mapToRegistry   raw: 'bindings',
100 silly mapToRegistry   scope: null,
100 silly mapToRegistry   escapedName: 'bindings',
100 silly mapToRegistry   name: 'bindings',
100 silly mapToRegistry   rawSpec: '',
100 silly mapToRegistry   spec: 'latest',
100 silly mapToRegistry   type: 'tag' }
101 silly mapToRegistry uri https://registry.npmjs.org/bindings
102 verbose addNameVersion registry:https://registry.npmjs.org/bindings not in flight; fetching
103 verbose get https://registry.npmjs.org/bindings not expired, no request
104 silly cache afterAdd bindings@1.2.1
105 verbose afterAdd C:\Users\Dante Ricalde\AppData\Local\.meteor\packages\meteor-tool\1.4.2_3\mt-os.windows.x86_32\dev_bundle\.npm\bindings\1.2.1\package\package.json not in flight; writing
106 verbose correctMkdir C:\Users\Dante Ricalde\AppData\Local\.meteor\packages\meteor-tool\1.4.2_3\mt-os.windows.x86_32\dev_bundle\.npm correctMkdir not in flight; initializing
107 verbose afterAdd C:\Users\Dante Ricalde\AppData\Local\.meteor\packages\meteor-tool\1.4.2_3\mt-os.windows.x86_32\dev_bundle\.npm\bindings\1.2.1\package\package.json written
108 http 304 https://registry.npmjs.org/nan
109 verbose headers { date: 'Sat, 01 Apr 2017 09:04:21 GMT',
109 verbose headers   via: '1.1 varnish',
109 verbose headers   'cache-control': 'max-age=300',
109 verbose headers   etag: 'W/"58dea142-1df90"',
109 verbose headers   age: '229',
109 verbose headers   connection: 'keep-alive',
109 verbose headers   'x-served-by': 'cache-mad9433-MAD',
109 verbose headers   'x-cache': 'HIT',
109 verbose headers   'x-cache-hits': '1',
109 verbose headers   'x-timer': 'S1491037461.359974,VS0,VE0',
109 verbose headers   vary: 'Accept-Encoding' }
110 silly get cb [ 304,
110 silly get   { date: 'Sat, 01 Apr 2017 09:04:21 GMT',
110 silly get     via: '1.1 varnish',
110 silly get     'cache-control': 'max-age=300',
110 silly get     etag: 'W/"58dea142-1df90"',
110 silly get     age: '229',
110 silly get     connection: 'keep-alive',
110 silly get     'x-served-by': 'cache-mad9433-MAD',
110 silly get     'x-cache': 'HIT',
110 silly get     'x-cache-hits': '1',
110 silly get     'x-timer': 'S1491037461.359974,VS0,VE0',
110 silly get     vary: 'Accept-Encoding' } ]
111 verbose etag https://registry.npmjs.org/nan from cache
112 verbose get saving nan to C:\Users\Dante Ricalde\AppData\Local\.meteor\packages\meteor-tool\1.4.2_3\mt-os.windows.x86_32\dev_bundle\.npm\registry.npmjs.org\nan\.cache.json
113 verbose correctMkdir C:\Users\Dante Ricalde\AppData\Local\.meteor\packages\meteor-tool\1.4.2_3\mt-os.windows.x86_32\dev_bundle\.npm correctMkdir not in flight; initializing
114 silly resolveWithNewModule nan@2.3.5 checking installable status
115 silly cache add args [ 'nan@2.3.5', null ]
116 verbose cache add spec nan@2.3.5
117 silly cache add parsed spec Result {
117 silly cache add   raw: 'nan@2.3.5',
117 silly cache add   scope: null,
117 silly cache add   escapedName: 'nan',
117 silly cache add   name: 'nan',
117 silly cache add   rawSpec: '2.3.5',
117 silly cache add   spec: '2.3.5',
117 silly cache add   type: 'version' }
118 silly addNamed nan@2.3.5
119 verbose addNamed "2.3.5" is a plain semver version for nan
120 silly mapToRegistry name nan
121 silly mapToRegistry using default registry
122 silly mapToRegistry registry https://registry.npmjs.org/
123 silly mapToRegistry data Result {
123 silly mapToRegistry   raw: 'nan',
123 silly mapToRegistry   scope: null,
123 silly mapToRegistry   escapedName: 'nan',
123 silly mapToRegistry   name: 'nan',
123 silly mapToRegistry   rawSpec: '',
123 silly mapToRegistry   spec: 'latest',
123 silly mapToRegistry   type: 'tag' }
124 silly mapToRegistry uri https://registry.npmjs.org/nan
125 verbose addNameVersion registry:https://registry.npmjs.org/nan not in flight; fetching
126 verbose get https://registry.npmjs.org/nan not expired, no request
127 silly cache afterAdd nan@2.3.5
128 verbose afterAdd C:\Users\Dante Ricalde\AppData\Local\.meteor\packages\meteor-tool\1.4.2_3\mt-os.windows.x86_32\dev_bundle\.npm\nan\2.3.5\package\package.json not in flight; writing
129 verbose correctMkdir C:\Users\Dante Ricalde\AppData\Local\.meteor\packages\meteor-tool\1.4.2_3\mt-os.windows.x86_32\dev_bundle\.npm correctMkdir not in flight; initializing
130 verbose afterAdd C:\Users\Dante Ricalde\AppData\Local\.meteor\packages\meteor-tool\1.4.2_3\mt-os.windows.x86_32\dev_bundle\.npm\nan\2.3.5\package\package.json written
131 silly loadAllDepsIntoIdealTree Finishing
132 silly loadIdealTree Finishing
133 silly currentTree week_1_peer_assessment@
133 silly currentTree +-- babel-runtime@6.23.0
133 silly currentTree +-- core-js@2.4.1
133 silly currentTree +-- meteor-node-stubs@0.2.6
133 silly currentTree | +-- asn1.js@4.9.0
133 silly currentTree | +-- assert@1.4.1
133 silly currentTree | +-- base64-js@1.2.0
133 silly currentTree | +-- Base64@0.2.1
133 silly currentTree | +-- bn.js@4.11.6
133 silly currentTree | +-- brorand@1.0.6
133 silly currentTree | +-- browserify-aes@1.0.6
133 silly currentTree | +-- browserify-cipher@1.0.0
133 silly currentTree | +-- browserify-des@1.0.0
133 silly currentTree | +-- browserify-rsa@4.0.1
133 silly currentTree | +-- browserify-sign@4.0.0
133 silly currentTree | +-- browserify-zlib@0.1.4
133 silly currentTree | +-- buffer-shims@1.0.0
133 silly currentTree | +-- buffer-xor@1.0.3
133 silly currentTree | +-- buffer@4.9.1
133 silly currentTree | +-- cipher-base@1.0.3
133 silly currentTree | +-- console-browserify@1.1.0
133 silly currentTree | +-- constants-browserify@1.0.0
133 silly currentTree | +-- core-util-is@1.0.2
133 silly currentTree | +-- create-ecdh@4.0.0
133 silly currentTree | +-- create-hash@1.1.2
133 silly currentTree | +-- create-hmac@1.1.4
133 silly currentTree | +-- crypto-browserify@3.11.0
133 silly currentTree | +-- date-now@0.1.4
133 silly currentTree | +-- des.js@1.0.0
133 silly currentTree | +-- diffie-hellman@5.0.2
133 silly currentTree | +-- domain-browser@1.1.7
133 silly currentTree | +-- elliptic@6.3.2
133 silly currentTree | +-- events@1.1.1
133 silly currentTree | +-- evp_bytestokey@1.0.0
133 silly currentTree | +-- hash.js@1.0.3
133 silly currentTree | +-- http-browserify@1.7.0
133 silly currentTree | +-- https-browserify@0.0.1
133 silly currentTree | +-- ieee754@1.1.8
133 silly currentTree | +-- indexof@0.0.1
133 silly currentTree | +-- inherits@2.0.1
133 silly currentTree | +-- isarray@1.0.0
133 silly currentTree | +-- miller-rabin@4.0.0
133 silly currentTree | +-- minimalistic-assert@1.0.0
133 silly currentTree | +-- os-browserify@0.2.1
133 silly currentTree | +-- pako@0.2.9
133 silly currentTree | +-- parse-asn1@5.0.0
133 silly currentTree | +-- path-browserify@0.0.0
133 silly currentTree | +-- pbkdf2@3.0.9
133 silly currentTree | +-- process-nextick-args@1.0.7
133 silly currentTree | +-- process@0.11.9
133 silly currentTree | +-- public-encrypt@4.0.0
133 silly currentTree | +-- punycode@1.4.1
133 silly currentTree | +-- querystring-es3@0.2.1
133 silly currentTree | +-- querystring@0.2.0
133 silly currentTree | +-- randombytes@2.0.3
133 silly currentTree | +-- readable-stream@2.2.1
133 silly currentTree | +-- ripemd160@1.0.1
133 silly currentTree | +-- sha.js@2.4.8
133 silly currentTree | +-- stream-browserify@2.0.1
133 silly currentTree | +-- string_decoder@0.10.31
133 silly currentTree | +-- timers-browserify@1.4.2
133 silly currentTree | +-- tty-browserify@0.0.0
133 silly currentTree | +-- url@0.11.0
133 silly currentTree | | `-- punycode@1.3.2
133 silly currentTree | +-- util-deprecate@1.0.2
133 silly currentTree | +-- util@0.10.3
133 silly currentTree | `-- vm-browserify@0.0.4
133 silly currentTree `-- regenerator-runtime@0.10.3
134 silly idealTree week_1_peer_assessment@
134 silly idealTree +-- babel-runtime@6.23.0
134 silly idealTree +-- bcrypt@0.8.7
134 silly idealTree +-- bindings@1.2.1
134 silly idealTree +-- core-js@2.4.1
134 silly idealTree +-- meteor-node-stubs@0.2.6
134 silly idealTree | +-- asn1.js@4.9.0
134 silly idealTree | +-- assert@1.4.1
134 silly idealTree | +-- base64-js@1.2.0
134 silly idealTree | +-- Base64@0.2.1
134 silly idealTree | +-- bn.js@4.11.6
134 silly idealTree | +-- brorand@1.0.6
134 silly idealTree | +-- browserify-aes@1.0.6
134 silly idealTree | +-- browserify-cipher@1.0.0
134 silly idealTree | +-- browserify-des@1.0.0
134 silly idealTree | +-- browserify-rsa@4.0.1
134 silly idealTree | +-- browserify-sign@4.0.0
134 silly idealTree | +-- browserify-zlib@0.1.4
134 silly idealTree | +-- buffer-shims@1.0.0
134 silly idealTree | +-- buffer-xor@1.0.3
134 silly idealTree | +-- buffer@4.9.1
134 silly idealTree | +-- cipher-base@1.0.3
134 silly idealTree | +-- console-browserify@1.1.0
134 silly idealTree | +-- constants-browserify@1.0.0
134 silly idealTree | +-- core-util-is@1.0.2
134 silly idealTree | +-- create-ecdh@4.0.0
134 silly idealTree | +-- create-hash@1.1.2
134 silly idealTree | +-- create-hmac@1.1.4
134 silly idealTree | +-- crypto-browserify@3.11.0
134 silly idealTree | +-- date-now@0.1.4
134 silly idealTree | +-- des.js@1.0.0
134 silly idealTree | +-- diffie-hellman@5.0.2
134 silly idealTree | +-- domain-browser@1.1.7
134 silly idealTree | +-- elliptic@6.3.2
134 silly idealTree | +-- events@1.1.1
134 silly idealTree | +-- evp_bytestokey@1.0.0
134 silly idealTree | +-- hash.js@1.0.3
134 silly idealTree | +-- http-browserify@1.7.0
134 silly idealTree | +-- https-browserify@0.0.1
134 silly idealTree | +-- ieee754@1.1.8
134 silly idealTree | +-- indexof@0.0.1
134 silly idealTree | +-- inherits@2.0.1
134 silly idealTree | +-- isarray@1.0.0
134 silly idealTree | +-- miller-rabin@4.0.0
134 silly idealTree | +-- minimalistic-assert@1.0.0
134 silly idealTree | +-- os-browserify@0.2.1
134 silly idealTree | +-- pako@0.2.9
134 silly idealTree | +-- parse-asn1@5.0.0
134 silly idealTree | +-- path-browserify@0.0.0
134 silly idealTree | +-- pbkdf2@3.0.9
134 silly idealTree | +-- process-nextick-args@1.0.7
134 silly idealTree | +-- process@0.11.9
134 silly idealTree | +-- public-encrypt@4.0.0
134 silly idealTree | +-- punycode@1.4.1
134 silly idealTree | +-- querystring-es3@0.2.1
134 silly idealTree | +-- querystring@0.2.0
134 silly idealTree | +-- randombytes@2.0.3
134 silly idealTree | +-- readable-stream@2.2.1
134 silly idealTree | +-- ripemd160@1.0.1
134 silly idealTree | +-- sha.js@2.4.8
134 silly idealTree | +-- stream-browserify@2.0.1
134 silly idealTree | +-- string_decoder@0.10.31
134 silly idealTree | +-- timers-browserify@1.4.2
134 silly idealTree | +-- tty-browserify@0.0.0
134 silly idealTree | +-- url@0.11.0
134 silly idealTree | | `-- punycode@1.3.2
134 silly idealTree | +-- util-deprecate@1.0.2
134 silly idealTree | +-- util@0.10.3
134 silly idealTree | `-- vm-browserify@0.0.4
134 silly idealTree +-- nan@2.3.5
134 silly idealTree `-- regenerator-runtime@0.10.3
135 silly generateActionsToTake Starting
136 silly install generateActionsToTake
137 silly generateActionsToTake Finishing
138 silly diffTrees action count 3
139 silly diffTrees add bindings@1.2.1
140 silly diffTrees add nan@2.3.5
141 silly diffTrees add bcrypt@0.8.7
142 silly decomposeActions action count 24
143 silly decomposeActions fetch bindings@1.2.1
144 silly decomposeActions extract bindings@1.2.1
145 silly decomposeActions test bindings@1.2.1
146 silly decomposeActions preinstall bindings@1.2.1
147 silly decomposeActions build bindings@1.2.1
148 silly decomposeActions install bindings@1.2.1
149 silly decomposeActions postinstall bindings@1.2.1
150 silly decomposeActions finalize bindings@1.2.1
151 silly decomposeActions fetch nan@2.3.5
152 silly decomposeActions extract nan@2.3.5
153 silly decomposeActions test nan@2.3.5
154 silly decomposeActions preinstall nan@2.3.5
155 silly decomposeActions build nan@2.3.5
156 silly decomposeActions install nan@2.3.5
157 silly decomposeActions postinstall nan@2.3.5
158 silly decomposeActions finalize nan@2.3.5
159 silly decomposeActions fetch bcrypt@0.8.7
160 silly decomposeActions extract bcrypt@0.8.7
161 silly decomposeActions test bcrypt@0.8.7
162 silly decomposeActions preinstall bcrypt@0.8.7
163 silly decomposeActions build bcrypt@0.8.7
164 silly decomposeActions install bcrypt@0.8.7
165 silly decomposeActions postinstall bcrypt@0.8.7
166 silly decomposeActions finalize bcrypt@0.8.7
167 silly runTopLevelLifecycles Starting
168 silly executeActions Starting
169 silly install executeActions
170 silly doSerial global-install 0
171 silly doParallel fetch 3
172 verbose correctMkdir C:\Users\Dante Ricalde\AppData\Local\.meteor\packages\meteor-tool\1.4.2_3\mt-os.windows.x86_32\dev_bundle\.npm\_locks correctMkdir not in flight; initializing
173 verbose lock using C:\Users\Dante Ricalde\AppData\Local\.meteor\packages\meteor-tool\1.4.2_3\mt-os.windows.x86_32\dev_bundle\.npm\_locks\staging-008b2ed9672bd7b4.lock for F:\dante\freeCourses\meteor\webAppDevelopmentWithJavascriptAndMongoDB\week3\exercise\week_3_peer_assessment\node_modules\.staging
174 silly doParallel extract 3
175 silly extract bindings@1.2.1
176 silly extract nan@2.3.5
177 silly extract bcrypt@0.8.7
178 verbose unbuild node_modules\.staging\bindings-f33fa731
179 verbose unbuild node_modules\.staging\nan-07006cb7
180 verbose unbuild node_modules\.staging\bcrypt-673cf2a6
181 silly gentlyRm F:\dante\freeCourses\meteor\webAppDevelopmentWithJavascriptAndMongoDB\week3\exercise\week_3_peer_assessment\node_modules\.staging\bindings-f33fa731 is being purged from base F:\dante\freeCourses\meteor\webAppDevelopmentWithJavascriptAndMongoDB\week3\exercise\week_3_peer_assessment
182 verbose gentlyRm don't care about contents; nuking F:\dante\freeCourses\meteor\webAppDevelopmentWithJavascriptAndMongoDB\week3\exercise\week_3_peer_assessment\node_modules\.staging\bindings-f33fa731
183 silly gentlyRm F:\dante\freeCourses\meteor\webAppDevelopmentWithJavascriptAndMongoDB\week3\exercise\week_3_peer_assessment\node_modules\.staging\nan-07006cb7 is being purged from base F:\dante\freeCourses\meteor\webAppDevelopmentWithJavascriptAndMongoDB\week3\exercise\week_3_peer_assessment
184 verbose gentlyRm don't care about contents; nuking F:\dante\freeCourses\meteor\webAppDevelopmentWithJavascriptAndMongoDB\week3\exercise\week_3_peer_assessment\node_modules\.staging\nan-07006cb7
185 silly gentlyRm F:\dante\freeCourses\meteor\webAppDevelopmentWithJavascriptAndMongoDB\week3\exercise\week_3_peer_assessment\node_modules\.staging\bcrypt-673cf2a6 is being purged from base F:\dante\freeCourses\meteor\webAppDevelopmentWithJavascriptAndMongoDB\week3\exercise\week_3_peer_assessment
186 verbose gentlyRm don't care about contents; nuking F:\dante\freeCourses\meteor\webAppDevelopmentWithJavascriptAndMongoDB\week3\exercise\week_3_peer_assessment\node_modules\.staging\bcrypt-673cf2a6
187 verbose tar unpack C:\Users\Dante Ricalde\AppData\Local\.meteor\packages\meteor-tool\1.4.2_3\mt-os.windows.x86_32\dev_bundle\.npm\bindings\1.2.1\package.tgz
188 verbose tar unpacking to F:\dante\freeCourses\meteor\webAppDevelopmentWithJavascriptAndMongoDB\week3\exercise\week_3_peer_assessment\node_modules\.staging\bindings-f33fa731
189 silly gentlyRm F:\dante\freeCourses\meteor\webAppDevelopmentWithJavascriptAndMongoDB\week3\exercise\week_3_peer_assessment\node_modules\.staging\bindings-f33fa731 is being purged
190 verbose gentlyRm don't care about contents; nuking F:\dante\freeCourses\meteor\webAppDevelopmentWithJavascriptAndMongoDB\week3\exercise\week_3_peer_assessment\node_modules\.staging\bindings-f33fa731
191 verbose tar unpack C:\Users\Dante Ricalde\AppData\Local\.meteor\packages\meteor-tool\1.4.2_3\mt-os.windows.x86_32\dev_bundle\.npm\nan\2.3.5\package.tgz
192 verbose tar unpacking to F:\dante\freeCourses\meteor\webAppDevelopmentWithJavascriptAndMongoDB\week3\exercise\week_3_peer_assessment\node_modules\.staging\nan-07006cb7
193 silly gentlyRm F:\dante\freeCourses\meteor\webAppDevelopmentWithJavascriptAndMongoDB\week3\exercise\week_3_peer_assessment\node_modules\.staging\nan-07006cb7 is being purged
194 verbose gentlyRm don't care about contents; nuking F:\dante\freeCourses\meteor\webAppDevelopmentWithJavascriptAndMongoDB\week3\exercise\week_3_peer_assessment\node_modules\.staging\nan-07006cb7
195 verbose tar unpack C:\Users\Dante Ricalde\AppData\Local\.meteor\packages\meteor-tool\1.4.2_3\mt-os.windows.x86_32\dev_bundle\.npm\bcrypt\0.8.7\package.tgz
196 verbose tar unpacking to F:\dante\freeCourses\meteor\webAppDevelopmentWithJavascriptAndMongoDB\week3\exercise\week_3_peer_assessment\node_modules\.staging\bcrypt-673cf2a6
197 silly gentlyRm F:\dante\freeCourses\meteor\webAppDevelopmentWithJavascriptAndMongoDB\week3\exercise\week_3_peer_assessment\node_modules\.staging\bcrypt-673cf2a6 is being purged
198 verbose gentlyRm don't care about contents; nuking F:\dante\freeCourses\meteor\webAppDevelopmentWithJavascriptAndMongoDB\week3\exercise\week_3_peer_assessment\node_modules\.staging\bcrypt-673cf2a6
199 silly gunzTarPerm modes [ '777', '666' ]
200 silly gunzTarPerm modes [ '777', '666' ]
201 silly gunzTarPerm modes [ '777', '666' ]
202 silly gunzTarPerm extractEntry package.json
203 silly gunzTarPerm modified mode [ 'package.json', 420, 438 ]
204 silly gunzTarPerm extractEntry package.json
205 silly gunzTarPerm modified mode [ 'package.json', 436, 438 ]
206 silly gunzTarPerm extractEntry package.json
207 silly gunzTarPerm modified mode [ 'package.json', 420, 438 ]
208 silly gunzTarPerm extractEntry README.md
209 silly gunzTarPerm modified mode [ 'README.md', 420, 438 ]
210 silly gunzTarPerm extractEntry bindings.js
211 silly gunzTarPerm modified mode [ 'bindings.js', 420, 438 ]
212 silly gunzTarPerm extractEntry README.md
213 silly gunzTarPerm modified mode [ 'README.md', 436, 438 ]
214 silly gunzTarPerm extractEntry .npmignore
215 silly gunzTarPerm modified mode [ '.npmignore', 420, 438 ]
216 silly gunzTarPerm extractEntry README.md
217 silly gunzTarPerm modified mode [ 'README.md', 420, 438 ]
218 silly gunzTarPerm extractEntry include_dirs.js
219 silly gunzTarPerm modified mode [ 'include_dirs.js', 436, 438 ]
220 silly gunzTarPerm extractEntry LICENSE
221 silly gunzTarPerm modified mode [ 'LICENSE', 420, 438 ]
222 silly gunzTarPerm extractEntry bcrypt.js
223 silly gunzTarPerm modified mode [ 'bcrypt.js', 420, 438 ]
224 silly gunzTarPerm extractEntry Makefile
225 silly gunzTarPerm modified mode [ 'Makefile', 420, 438 ]
226 silly gunzTarPerm extractEntry .travis.yml
227 silly gunzTarPerm modified mode [ '.travis.yml', 420, 438 ]
228 silly gunzTarPerm extractEntry CHANGELOG.md
229 silly gunzTarPerm modified mode [ 'CHANGELOG.md', 420, 438 ]
230 silly gunzTarPerm extractEntry binding.gyp
231 silly gunzTarPerm modified mode [ 'binding.gyp', 420, 438 ]
232 silly gunzTarPerm extractEntry examples/async_compare.js
233 silly gunzTarPerm modified mode [ 'examples/async_compare.js', 420, 438 ]
234 silly gunzTarPerm extractEntry examples/forever_gen_salt.js
235 silly gunzTarPerm modified mode [ 'examples/forever_gen_salt.js', 420, 438 ]
236 silly gunzTarPerm extractEntry test/async.js
237 silly gunzTarPerm modified mode [ 'test/async.js', 420, 438 ]
238 silly gunzTarPerm extractEntry test/repetitions.js
239 silly gunzTarPerm modified mode [ 'test/repetitions.js', 420, 438 ]
240 silly gunzTarPerm extractEntry test/sync.js
241 silly gunzTarPerm modified mode [ 'test/sync.js', 420, 438 ]
242 silly gunzTarPerm extractEntry ISSUE_TEMPLATE.md
243 silly gunzTarPerm modified mode [ 'ISSUE_TEMPLATE.md', 420, 438 ]
244 silly gunzTarPerm extractEntry src/bcrypt.cc
245 silly gunzTarPerm modified mode [ 'src/bcrypt.cc', 420, 438 ]
246 silly gunzTarPerm extractEntry src/bcrypt_node.cc
247 silly gunzTarPerm modified mode [ 'src/bcrypt_node.cc', 420, 438 ]
248 silly gunzTarPerm extractEntry src/blowfish.cc
249 silly gunzTarPerm modified mode [ 'src/blowfish.cc', 420, 438 ]
250 silly gunzTarPerm extractEntry src/node_blf.h
251 silly gunzTarPerm modified mode [ 'src/node_blf.h', 420, 438 ]
252 silly gunzTarPerm extractEntry werker.yml
253 silly gunzTarPerm modified mode [ 'werker.yml', 420, 438 ]
254 silly gunzTarPerm extractEntry nan_converters.h
255 silly gunzTarPerm modified mode [ 'nan_converters.h', 436, 438 ]
256 silly gunzTarPerm extractEntry LICENSE.md
257 silly gunzTarPerm modified mode [ 'LICENSE.md', 436, 438 ]
258 silly gunzTarPerm extractEntry doc/node_misc.md
259 silly gunzTarPerm modified mode [ 'doc/node_misc.md', 436, 438 ]
260 silly gunzTarPerm extractEntry doc/asyncworker.md
261 silly gunzTarPerm modified mode [ 'doc/asyncworker.md', 436, 438 ]
262 silly gunzTarPerm extractEntry doc/callback.md
263 silly gunzTarPerm modified mode [ 'doc/callback.md', 436, 438 ]
264 silly gunzTarPerm extractEntry doc/converters.md
265 silly gunzTarPerm modified mode [ 'doc/converters.md', 436, 438 ]
266 silly gunzTarPerm extractEntry doc/errors.md
267 silly gunzTarPerm modified mode [ 'doc/errors.md', 436, 438 ]
268 silly gunzTarPerm extractEntry doc/maybe_types.md
269 silly gunzTarPerm modified mode [ 'doc/maybe_types.md', 436, 438 ]
270 silly gunzTarPerm extractEntry doc/methods.md
271 silly gunzTarPerm modified mode [ 'doc/methods.md', 436, 438 ]
272 silly gunzTarPerm extractEntry doc/new.md
273 silly gunzTarPerm modified mode [ 'doc/new.md', 436, 438 ]
274 silly gunzTarPerm extractEntry doc/buffers.md
275 silly gunzTarPerm modified mode [ 'doc/buffers.md', 436, 438 ]
276 silly gunzTarPerm extractEntry doc/object_wrappers.md
277 silly gunzTarPerm modified mode [ 'doc/object_wrappers.md', 436, 438 ]
278 silly gentlyRm F:\dante\freeCourses\meteor\webAppDevelopmentWithJavascriptAndMongoDB\week3\exercise\week_3_peer_assessment\node_modules\.staging\bindings-f33fa731\node_modules is being purged
279 verbose gentlyRm don't care about contents; nuking F:\dante\freeCourses\meteor\webAppDevelopmentWithJavascriptAndMongoDB\week3\exercise\week_3_peer_assessment\node_modules\.staging\bindings-f33fa731\node_modules
280 silly gunzTarPerm extractEntry doc/persistent.md
281 silly gunzTarPerm modified mode [ 'doc/persistent.md', 436, 438 ]
282 silly gunzTarPerm extractEntry doc/scopes.md
283 silly gunzTarPerm modified mode [ 'doc/scopes.md', 436, 438 ]
284 silly gunzTarPerm extractEntry doc/script.md
285 silly gunzTarPerm modified mode [ 'doc/script.md', 436, 438 ]
286 silly gunzTarPerm extractEntry doc/string_bytes.md
287 silly gunzTarPerm modified mode [ 'doc/string_bytes.md', 436, 438 ]
288 silly gunzTarPerm extractEntry doc/v8_internals.md
289 silly gunzTarPerm modified mode [ 'doc/v8_internals.md', 436, 438 ]
290 silly gunzTarPerm extractEntry doc/v8_misc.md
291 silly gunzTarPerm modified mode [ 'doc/v8_misc.md', 436, 438 ]
292 silly gunzTarPerm extractEntry nan.h
293 silly gunzTarPerm modified mode [ 'nan.h', 436, 438 ]
294 silly gunzTarPerm extractEntry nan_callbacks.h
295 silly gunzTarPerm modified mode [ 'nan_callbacks.h', 436, 438 ]
296 silly gunzTarPerm extractEntry nan_callbacks_12_inl.h
297 silly gunzTarPerm modified mode [ 'nan_callbacks_12_inl.h', 436, 438 ]
298 silly gunzTarPerm extractEntry nan_callbacks_pre_12_inl.h
299 silly gunzTarPerm modified mode [ 'nan_callbacks_pre_12_inl.h', 436, 438 ]
300 silly gunzTarPerm extractEntry nan_converters_43_inl.h
301 silly gunzTarPerm modified mode [ 'nan_converters_43_inl.h', 436, 438 ]
302 silly gunzTarPerm extractEntry nan_converters_pre_43_inl.h
303 silly gunzTarPerm modified mode [ 'nan_converters_pre_43_inl.h', 436, 438 ]
304 silly gunzTarPerm extractEntry nan_implementation_12_inl.h
305 silly gunzTarPerm modified mode [ 'nan_implementation_12_inl.h', 436, 438 ]
306 silly gunzTarPerm extractEntry nan_implementation_pre_12_inl.h
307 silly gunzTarPerm modified mode [ 'nan_implementation_pre_12_inl.h', 436, 438 ]
308 silly gunzTarPerm extractEntry nan_maybe_43_inl.h
309 silly gunzTarPerm modified mode [ 'nan_maybe_43_inl.h', 436, 438 ]
310 silly gunzTarPerm extractEntry nan_maybe_pre_43_inl.h
311 silly gunzTarPerm modified mode [ 'nan_maybe_pre_43_inl.h', 436, 438 ]
312 silly gunzTarPerm extractEntry nan_new.h
313 silly gunzTarPerm modified mode [ 'nan_new.h', 436, 438 ]
314 silly gunzTarPerm extractEntry nan_object_wrap.h
315 silly gunzTarPerm modified mode [ 'nan_object_wrap.h', 436, 438 ]
316 silly gunzTarPerm extractEntry nan_persistent_12_inl.h
317 silly gunzTarPerm modified mode [ 'nan_persistent_12_inl.h', 436, 438 ]
318 silly gunzTarPerm extractEntry nan_persistent_pre_12_inl.h
319 silly gunzTarPerm modified mode [ 'nan_persistent_pre_12_inl.h', 436, 438 ]
320 silly gunzTarPerm extractEntry nan_string_bytes.h
321 silly gunzTarPerm modified mode [ 'nan_string_bytes.h', 436, 438 ]
322 silly gunzTarPerm extractEntry nan_typedarray_contents.h
323 silly gunzTarPerm modified mode [ 'nan_typedarray_contents.h', 436, 438 ]
324 silly gunzTarPerm extractEntry nan_weak.h
325 silly gunzTarPerm modified mode [ 'nan_weak.h', 436, 438 ]
326 silly gunzTarPerm extractEntry CHANGELOG.md
327 silly gunzTarPerm modified mode [ 'CHANGELOG.md', 436, 438 ]
328 silly gunzTarPerm extractEntry tools/package.json
329 silly gunzTarPerm modified mode [ 'tools/package.json', 436, 438 ]
330 silly gunzTarPerm extractEntry tools/README.md
331 silly gunzTarPerm modified mode [ 'tools/README.md', 436, 438 ]
332 silly gunzTarPerm extractEntry tools/1to2.js
333 silly gunzTarPerm modified mode [ 'tools/1to2.js', 509, 511 ]
334 silly gentlyRm F:\dante\freeCourses\meteor\webAppDevelopmentWithJavascriptAndMongoDB\week3\exercise\week_3_peer_assessment\node_modules\.staging\bcrypt-673cf2a6\node_modules is being purged
335 verbose gentlyRm don't care about contents; nuking F:\dante\freeCourses\meteor\webAppDevelopmentWithJavascriptAndMongoDB\week3\exercise\week_3_peer_assessment\node_modules\.staging\bcrypt-673cf2a6\node_modules
336 silly gentlyRm F:\dante\freeCourses\meteor\webAppDevelopmentWithJavascriptAndMongoDB\week3\exercise\week_3_peer_assessment\node_modules\.staging\nan-07006cb7\node_modules is being purged
337 verbose gentlyRm don't care about contents; nuking F:\dante\freeCourses\meteor\webAppDevelopmentWithJavascriptAndMongoDB\week3\exercise\week_3_peer_assessment\node_modules\.staging\nan-07006cb7\node_modules
338 silly doParallel preinstall 3
339 silly preinstall bindings@1.2.1 F:\dante\freeCourses\meteor\webAppDevelopmentWithJavascriptAndMongoDB\week3\exercise\week_3_peer_assessment\node_modules\.staging\bindings-f33fa731
340 info lifecycle bindings@1.2.1~preinstall: bindings@1.2.1
341 silly preinstall nan@2.3.5 F:\dante\freeCourses\meteor\webAppDevelopmentWithJavascriptAndMongoDB\week3\exercise\week_3_peer_assessment\node_modules\.staging\nan-07006cb7
342 info lifecycle nan@2.3.5~preinstall: nan@2.3.5
343 silly preinstall bcrypt@0.8.7 F:\dante\freeCourses\meteor\webAppDevelopmentWithJavascriptAndMongoDB\week3\exercise\week_3_peer_assessment\node_modules\.staging\bcrypt-673cf2a6
344 info lifecycle bcrypt@0.8.7~preinstall: bcrypt@0.8.7
345 silly lifecycle bindings@1.2.1~preinstall: no script for preinstall, continuing
346 silly lifecycle nan@2.3.5~preinstall: no script for preinstall, continuing
347 silly lifecycle bcrypt@0.8.7~preinstall: no script for preinstall, continuing
348 silly doReverseSerial remove 0
349 silly doSerial move 0
350 silly doSerial finalize 3
351 silly finalize F:\dante\freeCourses\meteor\webAppDevelopmentWithJavascriptAndMongoDB\week3\exercise\week_3_peer_assessment\node_modules\bindings
352 silly finalize F:\dante\freeCourses\meteor\webAppDevelopmentWithJavascriptAndMongoDB\week3\exercise\week_3_peer_assessment\node_modules\nan
353 silly finalize F:\dante\freeCourses\meteor\webAppDevelopmentWithJavascriptAndMongoDB\week3\exercise\week_3_peer_assessment\node_modules\bcrypt
354 silly doSerial build 3
355 silly build bindings@1.2.1
356 info linkStuff bindings@1.2.1
357 silly linkStuff bindings@1.2.1 has F:\dante\freeCourses\meteor\webAppDevelopmentWithJavascriptAndMongoDB\week3\exercise\week_3_peer_assessment\node_modules as its parent node_modules
358 verbose linkBins bindings@1.2.1
359 verbose linkMans bindings@1.2.1
360 silly build nan@2.3.5
361 info linkStuff nan@2.3.5
362 silly linkStuff nan@2.3.5 has F:\dante\freeCourses\meteor\webAppDevelopmentWithJavascriptAndMongoDB\week3\exercise\week_3_peer_assessment\node_modules as its parent node_modules
363 verbose linkBins nan@2.3.5
364 verbose linkMans nan@2.3.5
365 silly build bcrypt@0.8.7
366 info linkStuff bcrypt@0.8.7
367 silly linkStuff bcrypt@0.8.7 has F:\dante\freeCourses\meteor\webAppDevelopmentWithJavascriptAndMongoDB\week3\exercise\week_3_peer_assessment\node_modules as its parent node_modules
368 verbose linkBins bcrypt@0.8.7
369 verbose linkMans bcrypt@0.8.7
370 silly doSerial global-link 0
371 silly doParallel update-linked 0
372 silly doSerial install 3
373 silly install bindings@1.2.1 F:\dante\freeCourses\meteor\webAppDevelopmentWithJavascriptAndMongoDB\week3\exercise\week_3_peer_assessment\node_modules\.staging\bindings-f33fa731
374 info lifecycle bindings@1.2.1~install: bindings@1.2.1
375 silly lifecycle bindings@1.2.1~install: no script for install, continuing
376 silly install nan@2.3.5 F:\dante\freeCourses\meteor\webAppDevelopmentWithJavascriptAndMongoDB\week3\exercise\week_3_peer_assessment\node_modules\.staging\nan-07006cb7
377 info lifecycle nan@2.3.5~install: nan@2.3.5
378 silly lifecycle nan@2.3.5~install: no script for install, continuing
379 silly install bcrypt@0.8.7 F:\dante\freeCourses\meteor\webAppDevelopmentWithJavascriptAndMongoDB\week3\exercise\week_3_peer_assessment\node_modules\.staging\bcrypt-673cf2a6
380 info lifecycle bcrypt@0.8.7~install: bcrypt@0.8.7
381 verbose lifecycle bcrypt@0.8.7~install: unsafe-perm in lifecycle true
382 verbose lifecycle bcrypt@0.8.7~install: PATH: C:\Users\Dante Ricalde\AppData\Local\.meteor\packages\meteor-tool\1.4.2_3\mt-os.windows.x86_32\dev_bundle\lib\node_modules\npm\bin\node-gyp-bin;F:\dante\freeCourses\meteor\webAppDevelopmentWithJavascriptAndMongoDB\week3\exercise\week_3_peer_assessment\node_modules\bcrypt\node_modules\.bin;F:\dante\freeCourses\meteor\webAppDevelopmentWithJavascriptAndMongoDB\week3\exercise\week_3_peer_assessment\node_modules\.bin;C:\Users\Dante Ricalde\AppData\Local\.meteor\packages\meteor-tool\1.4.2_3\mt-os.windows.x86_32\dev_bundle\bin;C:\Users\Dante Ricalde\AppData\Local\.meteor\packages\meteor-tool\1.4.2_3\mt-os.windows.x86_32\dev_bundle\lib\node_modules\.bin;.;C:\cygwin64\home\Dante Ricalde\bin;C:\cygwin64\usr\local\bin;C:\cygwin64\bin;C:\ProgramData\Oracle\Java\javapath;C:\Program Files (x86)\Intel\iCLS Client;C:\Program Files\Intel\iCLS Client;C:\windows\system32;C:\windows;C:\windows\System32\Wbem;C:\windows\System32\WindowsPowerShell\v1.0;C:\Program Files (x86)\Intel\Intel(R) Management Engine Components\DAL;C:\Program Files\Intel\Intel(R) Management Engine Components\DAL;C:\Program Files (x86)\Intel\Intel(R) Management Engine Components\IPT;C:\Program Files\Intel\Intel(R) Management Engine Components\IPT;C:\Program Files (x86)\NVIDIA Corporation\PhysX\Common;C:\Program Files\nodejs;C:\Program Files\Java\jdk1.8.0_112\bin;F:\apache-maven-3.3.9\bin;C:\WINDOWS\system32;C:\WINDOWS;C:\WINDOWS\System32\Wbem;C:\WINDOWS\System32\WindowsPowerShell\v1.0;C:\Program Files (x86)\Brackets\command;C:\Program Files\Git\cmd;C:\Program Files\Intel\WiFi\bin;C:\Program Files\Common Files\Intel\WirelessCommon;C:\Users\Dante Ricalde\AppData\Local\.meteor;C:\Users\Dante Ricalde\AppData\Roaming\npm;C:\Users\Dante Ricalde\AppData\Local\Microsoft\WindowsApps;C:\Program Files (x86)\Microsoft VS Code\bin
383 verbose lifecycle bcrypt@0.8.7~install: CWD: F:\dante\freeCourses\meteor\webAppDevelopmentWithJavascriptAndMongoDB\week3\exercise\week_3_peer_assessment\node_modules\bcrypt
384 silly lifecycle bcrypt@0.8.7~install: Args: [ '/d /s /c', 'node-gyp rebuild' ]
385 silly lifecycle bcrypt@0.8.7~install: Returned: code: 1  signal: null
386 info lifecycle bcrypt@0.8.7~install: Failed to exec install script
387 verbose unlock done using C:\Users\Dante Ricalde\AppData\Local\.meteor\packages\meteor-tool\1.4.2_3\mt-os.windows.x86_32\dev_bundle\.npm\_locks\staging-008b2ed9672bd7b4.lock for F:\dante\freeCourses\meteor\webAppDevelopmentWithJavascriptAndMongoDB\week3\exercise\week_3_peer_assessment\node_modules\.staging
388 silly rollbackFailedOptional Starting
389 silly rollbackFailedOptional Finishing
390 silly runTopLevelLifecycles Finishing
391 silly install printInstalled
392 verbose stack Error: bcrypt@0.8.7 install: `node-gyp rebuild`
392 verbose stack Exit status 1
392 verbose stack     at EventEmitter.<anonymous> (C:\Users\Dante Ricalde\AppData\Local\.meteor\packages\meteor-tool\1.4.2_3\mt-os.windows.x86_32\dev_bundle\lib\node_modules\npm\lib\utils\lifecycle.js:255:16)
392 verbose stack     at emitTwo (events.js:87:13)
392 verbose stack     at EventEmitter.emit (events.js:172:7)
392 verbose stack     at ChildProcess.<anonymous> (C:\Users\Dante Ricalde\AppData\Local\.meteor\packages\meteor-tool\1.4.2_3\mt-os.windows.x86_32\dev_bundle\lib\node_modules\npm\lib\utils\spawn.js:40:14)
392 verbose stack     at emitTwo (events.js:87:13)
392 verbose stack     at ChildProcess.emit (events.js:172:7)
392 verbose stack     at maybeClose (internal/child_process.js:854:16)
392 verbose stack     at Process.ChildProcess._handle.onexit (internal/child_process.js:222:5)
393 verbose pkgid bcrypt@0.8.7
394 verbose cwd F:\dante\freeCourses\meteor\webAppDevelopmentWithJavascriptAndMongoDB\week3\exercise\week_3_peer_assessment
395 error Windows_NT 10.0.14393
396 error argv "C:\\Users\\Dante Ricalde\\AppData\\Local\\.meteor\\packages\\meteor-tool\\1.4.2_3\\mt-os.windows.x86_32\\dev_bundle\\bin\\node.exe" "C:\\Users\\Dante Ricalde\\AppData\\Local\\.meteor\\packages\\meteor-tool\\1.4.2_3\\mt-os.windows.x86_32\\dev_bundle\\lib\\node_modules\\npm\\bin\\npm-cli.js" "install" "-save" "bcrypt"
397 error node v4.6.2
398 error npm  v3.10.9
399 error code ELIFECYCLE
400 error bcrypt@0.8.7 install: `node-gyp rebuild`
400 error Exit status 1
401 error Failed at the bcrypt@0.8.7 install script 'node-gyp rebuild'.
401 error Make sure you have the latest version of node.js and npm installed.
401 error If you do, this is most likely a problem with the bcrypt package,
401 error not with npm itself.
401 error Tell the author that this fails on your system:
401 error     node-gyp rebuild
401 error You can get information on how to open an issue for this project with:
401 error     npm bugs bcrypt
401 error Or if that isn't available, you can get their info via:
401 error     npm owner ls bcrypt
401 error There is likely additional logging output above.
402 verbose exit [ 1, true ]
